Build started 6/20/2013 11:33:50 AM.
     1>Project "c:\Users\Hemin\documents\visual studio 2010\Projects\3\3\3.vcxproj" on node 2 (build target(s)).
     1>InitializeBuildStatus:
         Touching "Debug\3.unsuccessfulbuild".
       ClCompile:
         C:\Program Files (x86)\Microsoft Visual Studio 10.0\VC\bin\CL.exe /c /ZI /nologo /W3 /WX- /Od /Oy- /D _MBCS /Gm /EHsc /RTC1 /MDd /GS /fp:precise /Zc:wchar_t /Zc:forScope /Fo"Debug\\" /Fd"Debug\vc100.pdb" /Gd /TP /analyze- /errorReport:prompt "3-1.cpp"
         3-1.cpp
     1>c:\users\hemin\documents\visual studio 2010\projects\3\3\3-1.cpp(21): error C2065: 'book' : undeclared identifier
     1>c:\users\hemin\documents\visual studio 2010\projects\3\3\3-1.cpp(22): error C2065: 'book' : undeclared identifier
     1>c:\users\hemin\documents\visual studio 2010\projects\3\3\3-1.cpp(22): error C2228: left of '.settle' must have class/struct/union
                 type is ''unknown-type''
     1>c:\users\hemin\documents\visual studio 2010\projects\3\3\3-1.cpp(23): error C2065: 'librarybook' : undeclared identifier
     1>c:\users\hemin\documents\visual studio 2010\projects\3\3\3-1.cpp(23): error C2146: syntax error : missing ';' before identifier 'arraybook'
     1>c:\users\hemin\documents\visual studio 2010\projects\3\3\3-1.cpp(23): error C2065: 'arraybook' : undeclared identifier
     1>c:\users\hemin\documents\visual studio 2010\projects\3\3\3-1.cpp(34): warning C4822: 'main::Books::setTitle' : local class member function does not have a body
     1>c:\users\hemin\documents\visual studio 2010\projects\3\3\3-1.cpp(35): warning C4822: 'main::Books::getTitle' : local class member function does not have a body
     1>c:\users\hemin\documents\visual studio 2010\projects\3\3\3-1.cpp(44): error C2143: syntax error : missing ';' before 'if'
     1>c:\users\hemin\documents\visual studio 2010\projects\3\3\3-1.cpp(44): error C2059: syntax error : ';'
     1>c:\users\hemin\documents\visual studio 2010\projects\3\3\3-1.cpp(44): error C2678: binary '==' : no operator found which takes a left-hand operand of type 'std::string' (or there is no acceptable conversion)
                 c:\program files (x86)\microsoft visual studio 10.0\vc\include\exception(470): could be 'bool std::operator ==(const std::_Exception_ptr &,const std::_Exception_ptr &)'
                 c:\program files (x86)\microsoft visual studio 10.0\vc\include\exception(475): or       'bool std::operator ==(std::_Null_type,const std::_Exception_ptr &)'
                 c:\program files (x86)\microsoft visual studio 10.0\vc\include\exception(481): or       'bool std::operator ==(const std::_Exception_ptr &,std::_Null_type)'
                 c:\program files (x86)\microsoft visual studio 10.0\vc\include\system_error(408): or       'bool std::operator ==(const std::error_code &,const std::error_condition &)'
                 c:\program files (x86)\microsoft visual studio 10.0\vc\include\system_error(416): or       'bool std::operator ==(const std::error_condition &,const std::error_code &)'
                 while trying to match the argument list '(std::string, bool)'
     1>c:\users\hemin\documents\visual studio 2010\projects\3\3\3-1.cpp(44): error C2143: syntax error : missing ';' before ')'
     1>c:\users\hemin\documents\visual studio 2010\projects\3\3\3-1.cpp(44): error C2143: syntax error : missing ';' before ')'
     1>Done Building Project "c:\Users\Hemin\documents\visual studio 2010\Projects\3\3\3.vcxproj" (build target(s)) -- FAILED.

Build FAILED.

Time Elapsed 00:00:00.56
